Andrew
L
Mackey
This
is
just
a
sample
file
to
see
how
you
process
text
I
am
mainly
interested
in
seeing
how
you
handle
various
HTML
tags
You
can
visit
the
NLP
Research
website
You
can
request
information
at
info
or
my
fake
email
I
also
like
reading
about
water
or
2</sub>O
My
office
phone
is
or
you
can
also
reach
me
at
Did
you
know
that
there
are
over
students
enrolled
at
the
moment
There
are
also
more
than
people
in
the
US
I
like
fake
statistics
Did
you
know
that
people
like
ice
cream
This
is
a
piece
of
c</strong>ake
